<?xml version="1.0" encoding="UTF-8"?>
<!-- Generated by org.testng.reporters.JUnitXMLReporter -->
<testsuite ignored="0" hostname="pavanis-Air" failures="0" tests="6" name="Default test" time="153.866" errors="0" timestamp="2022-04-17T23:39:17 CDT">
  <testcase classname="Webdriver.MakeMyTrip" name="Flight" time="8.258"/>
  <testcase classname="Webdriver.MakeMyTrip" name="DataPicker" time="0.694"/>
  <testcase classname="Webdriver.MakeMyTrip" name="DepartureFlightInfo" time="45.857"/>
  <testcase classname="Webdriver.MakeMyTrip" name="ReturnFilghtInfo" time="0.069"/>
  <testcase classname="Webdriver.MakeMyTrip" name="FarePriceCheck" time="36.787"/>
  <testcase classname="Webdriver.MakeMyTrip" name="FarePriceCheck" time="36.444"/>
</testsuite> <!-- Default test -->
